<?xml version="1.0" encoding="UTF-8"?>
<!-- Generated by org.testng.reporters.JUnitReportReporter -->
<testsuite hostname="DESKTOP-I91J3NG" failures="0" tests="4" name="Testngframework.BasicFrameWork" time="16.815" errors="0" timestamp="2024-12-11T22:03:19 IST" skipped="0">
  <testcase classname="Testngframework.BasicFrameWork" name="openapp" time="8.773"/>
  <system-out/>
  <testcase classname="Testngframework.BasicFrameWork" name="login" time="2.923"/>
  <system-out/>
  <testcase classname="Testngframework.BasicFrameWork" name="testlogopresence" time="0.664"/>
  <system-out/>
  <testcase classname="Testngframework.BasicFrameWork" name="closeapp" time="4.455"/>
  <system-out/>
</testsuite> <!-- Testngframework.BasicFrameWork -->
