<?xml version="1.0" encoding="UTF-8"?>
<!-- Generated by org.testng.reporters.JUnitReportReporter -->
<testsuite hostname="DESKTOP-I91J3NG" failures="0" tests="3" name="Listeners.Listeneresting" time="1.606" errors="0" timestamp="2024-12-13T18:36:53 IST" skipped="0">
  <testcase classname="Listeners.Listeneresting" name="logodisplay" time="1.554"/>
  <system-out/>
  <testcase classname="Listeners.Listeneresting" name="gettitle" time="0.034"/>
  <system-out/>
  <testcase classname="Listeners.Listeneresting" name="getcurrenturl" time="0.018"/>
  <system-out/>
</testsuite> <!-- Listeners.Listeneresting -->
