<?xml version="1.0" encoding="UTF-8"?>
<!-- Generated by org.testng.reporters.JUnitReportReporter -->
<testsuite hostname="DESKTOP-I91J3NG" failures="0" tests="3" name="Grouping.Payment" time="0.026" errors="0" timestamp="2024-12-12T15:01:42 IST" skipped="0">
  <testcase classname="Grouping.Payment" name="paymentbypaytm" time="0.022"/>
  <system-out/>
  <testcase classname="Grouping.Payment" name="paymentbygpay" time="0.002"/>
  <system-out/>
  <testcase classname="Grouping.Payment" name="paymentbyphonepe" time="0.002"/>
  <system-out/>
</testsuite> <!-- Grouping.Payment -->
