<?xml version="1.0" encoding="UTF-8"?>
<!-- Generated by org.testng.reporters.JUnitReportReporter -->
<testsuite hostname="DESKTOP-I91J3NG" failures="0" tests="1" name="dataprovider.DataProvider" time="0.022" errors="0" timestamp="2024-12-12T21:12:52 IST" skipped="0">
  <testcase classname="dataprovider.DataProvider" name="rule" time="0.022"/>
  <system-out/>
</testsuite> <!-- dataprovider.DataProvider -->
