<?xml version="1.0" encoding="UTF-8"?>
<!-- Generated by org.testng.reporters.JUnitReportReporter -->
<testsuite hostname="DESKTOP-I91J3NG" failures="0" tests="2" name="Annotation.beforeandaftersuiteandtest" time="0.012" errors="0" timestamp="2024-12-12T13:16:39 IST" skipped="0">
  <testcase classname="Annotation.beforeandaftersuiteandtest" name="exit" time="0.007"/>
  <system-out/>
  <testcase classname="Annotation.beforeandaftersuiteandtest" name="exit" time="0.005"/>
  <system-out/>
</testsuite> <!-- Annotation.beforeandaftersuiteandtest -->
