<?xml version="1.0" encoding="UTF-8"?>
<!-- Generated by org.testng.reporters.JUnitReportReporter -->
<testsuite hostname="DESKTOP-I91J3NG" failures="0" tests="2" name="POM.LoginOBJTEST" time="2.924" errors="0" timestamp="2024-12-14T00:37:48 IST" skipped="0">
  <testcase classname="POM.LoginOBJTEST" name="display" time="0.932"/>
  <system-out/>
  <testcase classname="POM.LoginOBJTEST" name="login" time="1.992"/>
  <system-out/>
</testsuite> <!-- POM.LoginOBJTEST -->
