<?xml version="1.0" encoding="UTF-8"?>
<!-- Generated by org.testng.reporters.JUnitReportReporter -->
<testsuite hostname="DESKTOP-I91J3NG" failures="0" tests="2" name="Annotation.BeforeAfterclass" time="0.055" errors="0" timestamp="2024-12-12T13:16:39 IST" skipped="0">
  <testcase classname="Annotation.BeforeAfterclass" name="search" time="0.030"/>
  <system-out/>
  <testcase classname="Annotation.BeforeAfterclass" name="Advsearch" time="0.025"/>
  <system-out/>
</testsuite> <!-- Annotation.BeforeAfterclass -->
