<?xml version="1.0" encoding="UTF-8"?>
<!-- Generated by org.testng.reporters.JUnitReportReporter -->
<testsuite hostname="DESKTOP-I91J3NG" failures="0" tests="2" name="POM.LoginOBJTESTClassWithoutPageFactory" time="4.118" errors="0" timestamp="2024-12-18T08:43:45 IST" skipped="0">
  <testcase classname="POM.LoginOBJTESTClassWithoutPageFactory" name="display" time="1.942"/>
  <system-out/>
  <testcase classname="POM.LoginOBJTESTClassWithoutPageFactory" name="login" time="2.176"/>
  <system-out/>
</testsuite> <!-- POM.LoginOBJTESTClassWithoutPageFactory -->
