<?xml version="1.0" encoding="UTF-8"?>
<!-- Generated by org.testng.reporters.JUnitReportReporter -->
<testsuite hostname="DESKTOP-I91J3NG" failures="0" tests="6" name="Testngframework.Testngframework" time="0.037" errors="0" timestamp="2024-12-11T21:31:37 IST" skipped="0">
  <testcase classname="Testngframework.Testngframework" name="exit" time="0.023"/>
  <system-out/>
  <testcase classname="Testngframework.Testngframework" name="aentry" time="0.003"/>
  <system-out/>
  <testcase classname="Testngframework.Testngframework" name="entry" time="0.002"/>
  <system-out/>
  <testcase classname="Testngframework.Testngframework" name="login" time="0.004"/>
  <system-out/>
  <testcase classname="Testngframework.Testngframework" name="openapp" time="0.004"/>
  <system-out/>
  <testcase classname="Testngframework.Testngframework" name="logout" time="0.001"/>
  <system-out/>
</testsuite> <!-- Testngframework.Testngframework -->
