<?xml version="1.0" encoding="UTF-8"?>
<!-- Generated by org.testng.reporters.JUnitReportReporter -->
<testsuite hostname="DESKTOP-I91J3NG" failures="0" tests="6" name="ParllelTesting.ParllelTesting" time="2.029" errors="0" timestamp="2024-12-12T23:22:09 IST" skipped="0">
  <testcase classname="ParllelTesting.ParllelTesting" name="logodisplay" time="0.745"/>
  <system-out/>
  <testcase classname="ParllelTesting.ParllelTesting" name="logodisplay" time="1.133"/>
  <system-out/>
  <testcase classname="ParllelTesting.ParllelTesting" name="gettitle" time="0.040"/>
  <system-out/>
  <testcase classname="ParllelTesting.ParllelTesting" name="gettitle" time="0.047"/>
  <system-out/>
  <testcase classname="ParllelTesting.ParllelTesting" name="getcurrenturl" time="0.029"/>
  <system-out/>
  <testcase classname="ParllelTesting.ParllelTesting" name="getcurrenturl" time="0.035"/>
  <system-out/>
</testsuite> <!-- ParllelTesting.ParllelTesting -->
