<?xml version="1.0" encoding="UTF-8"?>
<!-- Generated by org.testng.reporters.JUnitReportReporter -->
<testsuite hostname="DESKTOP-I91J3NG" failures="0" tests="1" name="POM.LoginOBJTESTClassWithPageFactory2" time="8.592" errors="0" timestamp="2024-12-14T00:54:19 IST" skipped="0">
  <testcase classname="POM.LoginOBJTESTClassWithPageFactory2" name="login" time="8.592"/>
  <system-out/>
</testsuite> <!-- POM.LoginOBJTESTClassWithPageFactory2 -->
