<?xml version="1.0" encoding="UTF-8"?>
<!-- Generated by org.testng.reporters.JUnitReportReporter -->
<testsuite hostname="DESKTOP-I91J3NG" failures="0" tests="5" name="dataprovider.Logincase" time="11.611" errors="0" timestamp="2024-12-12T21:12:52 IST" skipped="0">
  <testcase classname="dataprovider.Logincase" name="login" time="3.591"/>
  <system-out/>
  <testcase classname="dataprovider.Logincase" name="login" time="3.875"/>
  <system-out/>
  <testcase classname="dataprovider.Logincase" name="login" time="3.635"/>
  <system-out/>
  <testcase classname="dataprovider.Logincase" name="logodisplay" time="0.265"/>
  <system-out/>
  <testcase classname="dataprovider.Logincase" name="logout" time="0.245"/>
  <system-out/>
</testsuite> <!-- dataprovider.Logincase -->
