<?xml version="1.0" encoding="UTF-8"?>
<!-- Generated by org.testng.reporters.JUnitReportReporter -->
<testsuite hostname="DESKTOP-I91J3NG" failures="0" tests="6" name="Testngframework.Testngframeworks" time="0.023" errors="0" timestamp="2024-12-11T21:44:51 IST" skipped="0">
  <testcase classname="Testngframework.Testngframeworks" name="exit" time="0.005"/>
  <system-out/>
  <testcase classname="Testngframework.Testngframeworks" name="entry" time="0.003"/>
  <system-out/>
  <testcase classname="Testngframework.Testngframeworks" name="aentry" time="0.003"/>
  <system-out/>
  <testcase classname="Testngframework.Testngframeworks" name="login" time="0.004"/>
  <system-out/>
  <testcase classname="Testngframework.Testngframeworks" name="openapp" time="0.002"/>
  <system-out/>
  <testcase classname="Testngframework.Testngframeworks" name="logout" time="0.006"/>
  <system-out/>
</testsuite> <!-- Testngframework.Testngframeworks -->
