<?xml version="1.0" encoding="UTF-8"?>
<!-- Generated by org.testng.reporters.JUnitReportReporter -->
<testsuite hostname="DESKTOP-I91J3NG" failures="0" tests="4" name="Grouping.singup" time="0.029" errors="0" timestamp="2024-12-12T15:02:15 IST" skipped="0">
  <testcase classname="Grouping.singup" name="signupbymail" time="0.023"/>
  <system-out/>
  <testcase classname="Grouping.singup" name="signupbygoogle" time="0.002"/>
  <system-out/>
  <testcase classname="Grouping.singup" name="signupbyfacebook" time="0.003"/>
  <system-out/>
  <testcase classname="Grouping.singup" name="signupbyappleid" time="0.001"/>
  <system-out/>
</testsuite> <!-- Grouping.singup -->
