<?xml version="1.0" encoding="UTF-8"?>
<!-- Generated by org.testng.reporters.JUnitReportReporter -->
<testsuite hostname="DESKTOP-I91J3NG" failures="0" tests="4" name="Grouping.Login" time="0.011" errors="0" timestamp="2024-12-12T15:02:15 IST" skipped="0">
  <testcase classname="Grouping.Login" name="loginbymail" time="0.003"/>
  <system-out/>
  <testcase classname="Grouping.Login" name="loginbygoogle" time="0.002"/>
  <system-out/>
  <testcase classname="Grouping.Login" name="loginbyfacebook" time="0.004"/>
  <system-out/>
  <testcase classname="Grouping.Login" name="loginbyappleid" time="0.002"/>
  <system-out/>
</testsuite> <!-- Grouping.Login -->
