<?xml version="1.0" encoding="UTF-8"?>
<!-- Generated by org.testng.reporters.JUnitReportReporter -->
<testsuite hostname="DESKTOP-I91J3NG" failures="0" tests="3" name="Listener.Listeneresting" time="2.293" errors="0" timestamp="2024-12-13T18:28:18 IST" skipped="0">
  <testcase classname="Listener.Listeneresting" name="logodisplay" time="2.239"/>
  <system-out/>
  <testcase classname="Listener.Listeneresting" name="gettitle" time="0.037"/>
  <system-out/>
  <testcase classname="Listener.Listeneresting" name="getcurrenturl" time="0.017"/>
  <system-out/>
</testsuite> <!-- Listener.Listeneresting -->
